<?xml version="1.0" encoding="UTF-8"?>
<!-- Generated by org.testng.reporters.JUnitXMLReporter -->
<testsuite ignored="13" hostname="DESKTOP-L3U3DAD" failures="0" tests="5" name="Default test" time="16.591" errors="0" timestamp="2025-05-14T16:37:35 GMT+03:00">
  <testcase classname="codenBox.codenBox.AppTest" name="DownloadApkFileAndScreenShot" time="1.809"/>
  <testcase classname="codenBox.codenBox.AppTest" name="DownloadApkFileAndScreenShot" time="1.529"/>
  <testcase classname="codenBox.codenBox.AppTest" name="DownloadApkFileAndScreenShot" time="2.389"/>
  <testcase classname="codenBox.codenBox.AppTest" name="DownloadApkFileAndScreenShot" time="1.89"/>
  <testcase classname="codenBox.codenBox.AppTest" name="DownloadApkFileAndScreenShot" time="1.701"/>
  <testcase classname="codenBox.codenBox.AppTest" name="Iframe" time="0.0">
    <ignored/>
  </testcase> <!-- Iframe -->
  <testcase classname="codenBox.codenBox.AppTest" name="SelectTag" time="0.0">
    <ignored/>
  </testcase> <!-- SelectTag -->
  <testcase classname="codenBox.codenBox.AppTest" name="SwitchWindow" time="0.0">
    <ignored/>
  </testcase> <!-- SwitchWindow -->
  <testcase classname="codenBox.codenBox.AppTest" name="CheckBoxTag" time="0.0">
    <ignored/>
  </testcase> <!-- CheckBoxTag -->
  <testcase classname="codenBox.codenBox.AppTest" name="TableTest" time="0.0">
    <ignored/>
  </testcase> <!-- TableTest -->
  <testcase classname="codenBox.codenBox.AppTest" name="Dynamic_Dropdown" time="0.0">
    <ignored/>
  </testcase> <!-- Dynamic_Dropdown -->
  <testcase classname="codenBox.codenBox.AppTest" name="CalenderOpen" time="0.0">
    <ignored/>
  </testcase> <!-- CalenderOpen -->
  <testcase classname="codenBox.codenBox.AppTest" name="SwitchTab" time="0.0">
    <ignored/>
  </testcase> <!-- SwitchTab -->
  <testcase classname="codenBox.codenBox.AppTest" name="MouseHover" time="0.0">
    <ignored/>
  </testcase> <!-- MouseHover -->
  <testcase classname="codenBox.codenBox.AppTest" name="EnableDisable" time="0.0">
    <ignored/>
  </testcase> <!-- EnableDisable -->
  <testcase classname="codenBox.codenBox.AppTest" name="AlertTest" time="0.0">
    <ignored/>
  </testcase> <!-- AlertTest -->
  <testcase classname="codenBox.codenBox.AppTest" name="HideAndShow" time="0.0">
    <ignored/>
  </testcase> <!-- HideAndShow -->
  <testcase classname="codenBox.codenBox.AppTest" name="RadioButton" time="0.0">
    <ignored/>
  </testcase> <!-- RadioButton -->
</testsuite> <!-- Default test -->
