<?xml version="1.0" encoding="UTF-8"?>
<testng-results ignored="13" total="18" passed="5" failed="0" skipped="0">
  <reporter-output>
  </reporter-output>
  <suite started-at="2025-05-14T16:37:18 GMT+03:00" name="Default suite" finished-at="2025-05-14T16:37:35 GMT+03:00" duration-ms="16591">
    <groups>
    </groups>
    <test started-at="2025-05-14T16:37:18 GMT+03:00" name="Default test" finished-at="2025-05-14T16:37:35 GMT+03:00" duration-ms="16591">
      <class name="codenBox.codenBox.AppTest">
        <test-method is-config="true" signature="mySetup()[pri:0, instance:codenBox.codenBox.AppTest@7d42c224]" started-at="2025-05-14T16:37:18 GMT+03:00" name="mySetup" finished-at="2025-05-14T16:37:25 GMT+03:00" duration-ms="7157" status="PASS">
          <reporter-output>
          </reporter-output>
        </test-method> <!-- mySetup -->
        <test-method signature="DownloadApkFileAndScreenShot()[pri:13, instance:codenBox.codenBox.AppTest@7d42c224]" started-at="2025-05-14T16:37:25 GMT+03:00" name="DownloadApkFileAndScreenShot" finished-at="2025-05-14T16:37:27 GMT+03:00" duration-ms="1809" status="PASS">
          <reporter-output>
          </reporter-output>
        </test-method> <!-- DownloadApkFileAndScreenShot -->
        <test-method signature="DownloadApkFileAndScreenShot()[pri:13, instance:codenBox.codenBox.AppTest@7d42c224]" started-at="2025-05-14T16:37:27 GMT+03:00" name="DownloadApkFileAndScreenShot" finished-at="2025-05-14T16:37:29 GMT+03:00" duration-ms="1529" status="PASS">
          <reporter-output>
          </reporter-output>
        </test-method> <!-- DownloadApkFileAndScreenShot -->
        <test-method signature="DownloadApkFileAndScreenShot()[pri:13, instance:codenBox.codenBox.AppTest@7d42c224]" started-at="2025-05-14T16:37:29 GMT+03:00" name="DownloadApkFileAndScreenShot" finished-at="2025-05-14T16:37:31 GMT+03:00" duration-ms="2389" status="PASS">
          <reporter-output>
          </reporter-output>
        </test-method> <!-- DownloadApkFileAndScreenShot -->
        <test-method signature="DownloadApkFileAndScreenShot()[pri:13, instance:codenBox.codenBox.AppTest@7d42c224]" started-at="2025-05-14T16:37:31 GMT+03:00" name="DownloadApkFileAndScreenShot" finished-at="2025-05-14T16:37:33 GMT+03:00" duration-ms="1890" status="PASS">
          <reporter-output>
          </reporter-output>
        </test-method> <!-- DownloadApkFileAndScreenShot -->
        <test-method signature="DownloadApkFileAndScreenShot()[pri:13, instance:codenBox.codenBox.AppTest@7d42c224]" started-at="2025-05-14T16:37:33 GMT+03:00" name="DownloadApkFileAndScreenShot" finished-at="2025-05-14T16:37:35 GMT+03:00" duration-ms="1701" status="PASS">
          <reporter-output>
          </reporter-output>
        </test-method> <!-- DownloadApkFileAndScreenShot -->
      </class> <!-- codenBox.codenBox.AppTest -->
    </test> <!-- Default test -->
  </suite> <!-- Default suite -->
</testng-results>
